<?xml version="1.0" encoding="UTF-8"?>
<!-- Generated by org.testng.reporters.JUnitXMLReporter -->
<testsuite hostname="vsandesara-m1.local" name="Surefire test" tests="7" failures="0" timestamp="24 Sep 2018 15:34:37 GMT" time="258.285" errors="0">
  <testcase name="Create_Ship_Inside_Data_Folder on [ShipDetail passed=0 failed=0 skipped=0]" time="17.896" classname="Template.ShipDetail"/>
  <testcase name="Create_Deck_Plans_CabinCategories_Folder on [ShipDetail passed=0 failed=0 skipped=0]" time="17.102" classname="Template.ShipDetail"/>
  <testcase name="Create_Deck_Plans_CabinCategories_Inside_CabinCategory_Folder on [ShipDetail passed=0 failed=0 skipped=0]" time="33.448" classname="Template.ShipDetail"/>
  <testcase name="Create_Deck_Plans_CabinCategories_Inside_CabinCategory_Folder on [ShipDetail passed=0 failed=0 skipped=0]" time="49.19" classname="Template.ShipDetail"/>
  <testcase name="Create_Deck_Plans_CabinCategories_Inside_CabinCategory_Folder on [ShipDetail passed=0 failed=0 skipped=0]" time="70.027" classname="Template.ShipDetail"/>
  <testcase name="Create_Deck_Plans_CabinCategories_Inside_CabinCategory_Folder on [ShipDetail passed=0 failed=0 skipped=0]" time="34.677" classname="Template.ShipDetail"/>
  <testcase name="Create_Deck_Plans_CabinCategories_Inside_CabinCategory_Folder on [ShipDetail passed=0 failed=0 skipped=0]" time="32.589" classname="Template.ShipDetail"/>
</testsuite> <!-- Surefire test -->
