<?xml version="1.0" encoding="UTF-8"?>
<testsuite xmlns:xsi="http://www.w3.org/2001/XMLSchema-instance" xsi:schemaLocation="https://maven.apache.org/surefire/maven-surefire-plugin/xsd/surefire-test-report.xsd" name="Template.ShipDetail" time="259.625" tests="7" errors="0" skipped="0" failures="0">
  <properties>
[...]
</properties>
  <testcase name="Create_Ship_Inside_Data_Folder on [ShipDetail passed=0 failed=0 skipped=0]" classname="Template.ShipDetail" time="18.007"/>
  <testcase name="Create_Deck_Plans_CabinCategories_Folder on [ShipDetail passed=0 failed=0 skipped=0]" classname="Template.ShipDetail" time="17.205"/>
  <testcase name="Create_Deck_Plans_CabinCategories_Inside_CabinCategory_Folder on [ShipDetail passed=0 failed=0 skipped=0]" classname="Template.ShipDetail" time="33.563"/>
  <testcase name="Create_Deck_Plans_CabinCategories_Inside_CabinCategory_Folder on [ShipDetail passed=0 failed=0 skipped=0]" classname="Template.ShipDetail" time="49.292"/>
  <testcase name="Create_Deck_Plans_CabinCategories_Inside_CabinCategory_Folder on [ShipDetail passed=0 failed=0 skipped=0]" classname="Template.ShipDetail" time="70.126"/>
  <testcase name="Create_Deck_Plans_CabinCategories_Inside_CabinCategory_Folder on [ShipDetail passed=0 failed=0 skipped=0]" classname="Template.ShipDetail" time="34.777"/>
  <testcase name="Create_Deck_Plans_CabinCategories_Inside_CabinCategory_Folder on [ShipDetail passed=0 failed=0 skipped=0]" classname="Template.ShipDetail" time="32.692"/>
</testsuite>