<?xml version="1.0" encoding="UTF-8"?>
<testsuite xmlns:xsi="http://www.w3.org/2001/XMLSchema-instance" xsi:schemaLocation="https://maven.apache.org/surefire/maven-surefire-plugin/xsd/surefire-test-report.xsd" name="Template.HomePageTemplate" time="125.527" tests="6" errors="0" skipped="0" failures="1">
  <properties>
[...]
</properties>
  <testcase name="createHomeTemplate on [HomePageTemplate passed=0 failed=0 skipped=0]" classname="Template.HomePageTemplate" time="9.989"/>
  <testcase name="createLeadGenerationCopyFolderInsideGlobal on [HomePageTemplate passed=0 failed=0 skipped=0]" classname="Template.HomePageTemplate" time="9.416"/>
  <testcase name="createLeadGenerationFolderInsideGlobal on [HomePageTemplate passed=0 failed=0 skipped=0]" classname="Template.HomePageTemplate" time="8.938"/>
  <testcase name="createTravellingWithTaucksFolderInsideGlobal on [HomePageTemplate passed=0 failed=0 skipped=0]" classname="Template.HomePageTemplate" time="9.054"/>
  <testcase name="mapDataSourceWithFrontEndControls on [HomePageTemplate passed=0 failed=0 skipped=0]" classname="Template.HomePageTemplate" time="18.828">
    <failure message="no such element: Unable to locate element: {&quot;method&quot;:&quot;link text&quot;,&quot;selector&quot;:&quot;Editorial&quot;}&#10;  (Session info: chrome=67.0.3396.99)&#10;  (Driver info: chromedriver=2.37.544337 (8c0344a12e552148c185f7d5117db1f28d6c9e85),platform=Mac OS X 10.13.3 x86_64) (WARNING: The server did not provide any stacktrace information)&#10;Command duration or timeout: 0 milliseconds&#10;For documentation on this error, please visit: http://seleniumhq.org/exceptions/no_such_element.html&#10;Build info: version: &apos;3.8.1&apos;, revision: &apos;6e95a6684b&apos;, time: &apos;2017-12-01T18:33:54.468Z&apos;&#10;System info: host: &apos;vsandesara-m1.local&apos;, ip: &apos;fe80:0:0:0:813:3e4:abf6:2d1b%en0&apos;, os.name: &apos;Mac OS X&apos;, os.arch: &apos;x86_64&apos;, os.version: &apos;10.13.3&apos;, java.version: &apos;1.8.0_161&apos;&#10;Driver info: org.openqa.selenium.chrome.ChromeDriver&#10;Capabilities {acceptInsecureCerts: false, acceptSslCerts: false, applicationCacheEnabled: false, browserConnectionEnabled: false, browserName: chrome, chrome: {chromedriverVersion: 2.37.544337 (8c0344a12e5521..., userDataDir: /var/folders/69/7pg0482518s...}, cssSelectorsEnabled: true, databaseEnabled: false, handlesAlerts: true, hasTouchScreen: false, javascriptEnabled: true, locationContextEnabled: true, mobileEmulationEnabled: false, nativeEvents: true, networkConnectionEnabled: false, pageLoadStrategy: normal, platform: MAC, platformName: MAC, rotatable: false, setWindowRect: true, takesHeapSnapshot: true, takesScreenshot: true, unexpectedAlertBehaviour: , unhandledPromptBehavior: , version: 67.0.3396.99, webStorageEnabled: true}&#10;Session ID: 1b019fbd92ec14a9f1437e6961ddfb62&#10;*** Element info: {Using=link text, value=Editorial}" type="org.openqa.selenium.NoSuchElementException">org.openqa.selenium.NoSuchElementException: 
no such element: Unable to locate element: {"method":"link text","selector":"Editorial"}
  (Session info: chrome=67.0.3396.99)
  (Driver info: chromedriver=2.37.544337 (8c0344a12e552148c185f7d5117db1f28d6c9e85),platform=Mac OS X 10.13.3 x86_64) (WARNING: The server did not provide any stacktrace information)
Command duration or timeout: 0 milliseconds
For documentation on this error, please visit: http://seleniumhq.org/exceptions/no_such_element.html
Build info: version: '3.8.1', revision: '6e95a6684b', time: '2017-12-01T18:33:54.468Z'
System info: host: 'vsandesara-m1.local', ip: 'fe80:0:0:0:813:3e4:abf6:2d1b%en0', os.name: 'Mac OS X', os.arch: 'x86_64', os.version: '10.13.3', java.version: '1.8.0_161'
Driver info: org.openqa.selenium.chrome.ChromeDriver
Capabilities {acceptInsecureCerts: false, acceptSslCerts: false, applicationCacheEnabled: false, browserConnectionEnabled: false, browserName: chrome, chrome: {chromedriverVersion: 2.37.544337 (8c0344a12e5521..., userDataDir: /var/folders/69/7pg0482518s...}, cssSelectorsEnabled: true, databaseEnabled: false, handlesAlerts: true, hasTouchScreen: false, javascriptEnabled: true, locationContextEnabled: true, mobileEmulationEnabled: false, nativeEvents: true, networkConnectionEnabled: false, pageLoadStrategy: normal, platform: MAC, platformName: MAC, rotatable: false, setWindowRect: true, takesHeapSnapshot: true, takesScreenshot: true, unexpectedAlertBehaviour: , unhandledPromptBehavior: , version: 67.0.3396.99, webStorageEnabled: true}
Session ID: 1b019fbd92ec14a9f1437e6961ddfb62
*** Element info: {Using=link text, value=Editorial}
	at Template.HomePageTemplate.mapDataSourceWithFrontEndControls(HomePageTemplate.java:84)
</failure>
    <system-out><![CDATA[
END TEST: afterMethod on [HomePageTemplate passed=0 failed=0 skipped=0]
END TEST: beforeMethod on [HomePageTemplate passed=0 failed=0 skipped=0]Inside beforeInvocation isTestMethod to initialize the driver
Thread id = 1
Hashcode of webDriver instance = 2029709919
Credentials saved to /Users/vsandesara/.credentials/sheets.googleapis.com-java-quickstart
Test starts from row - 81
Col starts from row - 82
Total rows are  - 3
Total cols are  - 2
Credentials saved to /Users/vsandesara/.credentials/sheets.googleapis.com-java-quickstart
Test starts from row - 44
Col starts from row - 45
Total rows are  - 2
Total cols are  - 15

END TEST: mapDataSourceWithFrontEndControls on [HomePageTemplate passed=0 failed=0 skipped=0]]]></system-out>
    <system-err><![CDATA[Starting ChromeDriver 2.37.544337 (8c0344a12e552148c185f7d5117db1f28d6c9e85) on port 33306
Only local connections are allowed.
Jul 16, 2018 2:47:10 PM org.openqa.selenium.remote.ProtocolHandshake createSession
INFO: Detected dialect: OSS
]]></system-err>
  </testcase>
  <testcase name="mapDataSourceWithFrontEndControls on [HomePageTemplate passed=0 failed=0 skipped=0]" classname="Template.HomePageTemplate" time="63.583"/>
</testsuite>