<?xml version="1.0" encoding="UTF-8"?>
<testng-results skipped="0" failed="0" total="7" passed="7">
  <reporter-output>
  </reporter-output>
  <suite name="Surefire suite" duration-ms="258285" started-at="2018-09-24T15:30:18Z" finished-at="2018-09-24T15:34:36Z">
    <groups>
    </groups>
    <test name="Surefire test" duration-ms="258285" started-at="2018-09-24T15:30:18Z" finished-at="2018-09-24T15:34:36Z">
      <class name="Template.ShipDetail">
        <test-method status="PASS" signature="beforeClass()[pri:0, instance:[ShipDetail passed=0 failed=0 skipped=0]]" name="beforeClass" is-config="true" duration-ms="221" started-at="2018-09-24T10:30:18Z" finished-at="2018-09-24T10:30:18Z">
          <reporter-output>
          </reporter-output>
        </test-method> <!-- beforeClass -->
        <test-method status="PASS" signature="beforeMethod(java.lang.reflect.Method)[pri:0, instance:[ShipDetail passed=0 failed=0 skipped=0]]" name="beforeMethod" is-config="true" duration-ms="36" started-at="2018-09-24T10:30:20Z" finished-at="2018-09-24T10:30:20Z">
          <params>
            <param index="0">
              <value>
                <![CDATA[public void Template.ShipDetail.Create_Ship_Inside_Data_Folder(java.util.Hashtable) throws java.lang.InterruptedException,java.io.IOException]]>
              </value>
            </param>
          </params>
          <reporter-output>
          </reporter-output>
        </test-method> <!-- beforeMethod -->
        <test-method status="PASS" signature="Create_Ship_Inside_Data_Folder(java.util.Hashtable)[pri:0, instance:[ShipDetail passed=0 failed=0 skipped=0]]" name="Create_Ship_Inside_Data_Folder" duration-ms="17896" started-at="2018-09-24T10:30:20Z" data-provider="readTestData" finished-at="2018-09-24T10:30:38Z">
          <params>
            <param index="0">
              <value>
                <![CDATA[{Runmode=Y, RightClickInsert=Ship Entity, ShipName=LePonant_Thru_Automation, Browser=Chrome}]]>
              </value>
            </param>
          </params>
          <reporter-output>
          </reporter-output>
        </test-method> <!-- Create_Ship_Inside_Data_Folder -->
        <test-method status="PASS" signature="afterMethod(org.testng.ITestResult)[pri:0, instance:[ShipDetail passed=0 failed=0 skipped=0]]" name="afterMethod" is-config="true" duration-ms="59" started-at="2018-09-24T10:30:38Z" finished-at="2018-09-24T10:30:38Z">
          <params>
            <param index="0">
              <value>
                <![CDATA[[TestResult name=Create_Ship_Inside_Data_Folder on [ShipDetail passed=0 failed=0 skipped=0] status=SUCCESS method=ShipDetail.Create_Ship_Inside_Data_Folder(java.util.Hashtable)[pri:0, instance:[ShipDetail passed=0 failed=0 skipped=0]] output={null}]]]>
              </value>
            </param>
          </params>
          <reporter-output>
          </reporter-output>
        </test-method> <!-- afterMethod -->
        <test-method status="PASS" signature="beforeMethod(java.lang.reflect.Method)[pri:0, instance:[ShipDetail passed=0 failed=0 skipped=0]]" name="beforeMethod" is-config="true" duration-ms="23" started-at="2018-09-24T10:30:38Z" finished-at="2018-09-24T10:30:38Z">
          <params>
            <param index="0">
              <value>
                <![CDATA[public void Template.ShipDetail.Create_Deck_Plans_CabinCategories_Folder(java.util.Hashtable) throws java.lang.InterruptedException]]>
              </value>
            </param>
          </params>
          <reporter-output>
          </reporter-output>
        </test-method> <!-- beforeMethod -->
        <test-method status="PASS" signature="Create_Deck_Plans_CabinCategories_Folder(java.util.Hashtable)[pri:0, instance:[ShipDetail passed=0 failed=0 skipped=0]]" name="Create_Deck_Plans_CabinCategories_Folder" duration-ms="17102" started-at="2018-09-24T10:30:38Z" data-provider="readTestData" depends-on-methods="Template.ShipDetail.Create_Ship_Inside_Data_Folder" finished-at="2018-09-24T10:30:55Z">
          <params>
            <param index="0">
              <value>
                <![CDATA[{Runmode=Y, RightClickInsert=Ship Cabin Category Folder, CabinCatFolderName=Cabin Categories, Browser=Chrome}]]>
              </value>
            </param>
          </params>
          <reporter-output>
          </reporter-output>
        </test-method> <!-- Create_Deck_Plans_CabinCategories_Folder -->
        <test-method status="PASS" signature="afterMethod(org.testng.ITestResult)[pri:0, instance:[ShipDetail passed=0 failed=0 skipped=0]]" name="afterMethod" is-config="true" duration-ms="46" started-at="2018-09-24T10:30:55Z" finished-at="2018-09-24T10:30:55Z">
          <params>
            <param index="0">
              <value>
                <![CDATA[[TestResult name=Create_Deck_Plans_CabinCategories_Folder on [ShipDetail passed=0 failed=0 skipped=0] status=SUCCESS method=ShipDetail.Create_Deck_Plans_CabinCategories_Folder(java.util.Hashtable)[pri:0, instance:[ShipDetail passed=0 failed=0 skipped=0]] output={null}]]]>
              </value>
            </param>
          </params>
          <reporter-output>
          </reporter-output>
        </test-method> <!-- afterMethod -->
        <test-method status="PASS" signature="beforeMethod(java.lang.reflect.Method)[pri:0, instance:[ShipDetail passed=0 failed=0 skipped=0]]" name="beforeMethod" is-config="true" duration-ms="22" started-at="2018-09-24T10:30:56Z" finished-at="2018-09-24T10:30:56Z">
          <params>
            <param index="0">
              <value>
                <![CDATA[public void Template.ShipDetail.Create_Deck_Plans_CabinCategories_Inside_CabinCategory_Folder(java.util.Hashtable) throws java.lang.InterruptedException,java.io.IOException]]>
              </value>
            </param>
          </params>
          <reporter-output>
          </reporter-output>
        </test-method> <!-- beforeMethod -->
        <test-method status="PASS" signature="Create_Deck_Plans_CabinCategories_Inside_CabinCategory_Folder(java.util.Hashtable)[pri:0, instance:[ShipDetail passed=0 failed=0 skipped=0]]" name="Create_Deck_Plans_CabinCategories_Inside_CabinCategory_Folder" duration-ms="33448" started-at="2018-09-24T10:30:56Z" data-provider="readTestData" depends-on-methods="Template.ShipDetail.Create_Deck_Plans_CabinCategories_Folder" finished-at="2018-09-24T10:31:29Z">
          <params>
            <param index="0">
              <value>
                <![CDATA[{CabinCatName=Deluxe Cabin, Content= | |Deluxe Cabin| | |Deluxe Cabin description here.|Deluxe suite copy.  Deluxe suite copy.  Deluxe suite copy.  Deluxe suite copy.  Deluxe suite copy.| |, Runmode=Y, RightClickInsert=Ship Cabin Category, Browser=Chrome}]]>
              </value>
            </param>
          </params>
          <reporter-output>
          </reporter-output>
        </test-method> <!-- Create_Deck_Plans_CabinCategories_Inside_CabinCategory_Folder -->
        <test-method status="PASS" signature="afterMethod(org.testng.ITestResult)[pri:0, instance:[ShipDetail passed=0 failed=0 skipped=0]]" name="afterMethod" is-config="true" duration-ms="41" started-at="2018-09-24T10:31:29Z" finished-at="2018-09-24T10:31:29Z">
          <params>
            <param index="0">
              <value>
                <![CDATA[[TestResult name=Create_Deck_Plans_CabinCategories_Inside_CabinCategory_Folder on [ShipDetail passed=0 failed=0 skipped=0] status=SUCCESS method=ShipDetail.Create_Deck_Plans_CabinCategories_Inside_CabinCategory_Folder(java.util.Hashtable)[pri:0, instance:[ShipDetail passed=0 failed=0 skipped=0]] output={null}]]]>
              </value>
            </param>
          </params>
          <reporter-output>
          </reporter-output>
        </test-method> <!-- afterMethod -->
        <test-method status="PASS" signature="beforeMethod(java.lang.reflect.Method)[pri:0, instance:[ShipDetail passed=0 failed=0 skipped=0]]" name="beforeMethod" is-config="true" duration-ms="19" started-at="2018-09-24T10:31:29Z" finished-at="2018-09-24T10:31:29Z">
          <params>
            <param index="0">
              <value>
                <![CDATA[public void Template.ShipDetail.Create_Deck_Plans_CabinCategories_Inside_CabinCategory_Folder(java.util.Hashtable) throws java.lang.InterruptedException,java.io.IOException]]>
              </value>
            </param>
          </params>
          <reporter-output>
          </reporter-output>
        </test-method> <!-- beforeMethod -->
        <test-method status="PASS" signature="Create_Deck_Plans_CabinCategories_Inside_CabinCategory_Folder(java.util.Hashtable)[pri:0, instance:[ShipDetail passed=0 failed=0 skipped=0]]" name="Create_Deck_Plans_CabinCategories_Inside_CabinCategory_Folder" duration-ms="49190" started-at="2018-09-24T10:31:29Z" data-provider="readTestData" depends-on-methods="Template.ShipDetail.Create_Deck_Plans_CabinCategories_Folder" finished-at="2018-09-24T10:32:19Z">
          <params>
            <param index="0">
              <value>
                <![CDATA[{CabinCatName=Deluxe Suite, Content= | |Deluxe Suite| | |Deluxe Suite description here.|Deluxe suite copy.  Deluxe suite copy.  Deluxe suite copy.  Deluxe suite copy.  Deluxe suite copy.| |, Runmode=Y, RightClickInsert=Ship Cabin Category, Browser=Chrome}]]>
              </value>
            </param>
          </params>
          <reporter-output>
          </reporter-output>
        </test-method> <!-- Create_Deck_Plans_CabinCategories_Inside_CabinCategory_Folder -->
        <test-method status="PASS" signature="afterMethod(org.testng.ITestResult)[pri:0, instance:[ShipDetail passed=0 failed=0 skipped=0]]" name="afterMethod" is-config="true" duration-ms="44" started-at="2018-09-24T10:32:19Z" finished-at="2018-09-24T10:32:19Z">
          <params>
            <param index="0">
              <value>
                <![CDATA[[TestResult name=Create_Deck_Plans_CabinCategories_Inside_CabinCategory_Folder on [ShipDetail passed=0 failed=0 skipped=0] status=SUCCESS method=ShipDetail.Create_Deck_Plans_CabinCategories_Inside_CabinCategory_Folder(java.util.Hashtable)[pri:0, instance:[ShipDetail passed=0 failed=0 skipped=0]] output={null}]]]>
              </value>
            </param>
          </params>
          <reporter-output>
          </reporter-output>
        </test-method> <!-- afterMethod -->
        <test-method status="PASS" signature="beforeMethod(java.lang.reflect.Method)[pri:0, instance:[ShipDetail passed=0 failed=0 skipped=0]]" name="beforeMethod" is-config="true" duration-ms="19" started-at="2018-09-24T10:32:19Z" finished-at="2018-09-24T10:32:19Z">
          <params>
            <param index="0">
              <value>
                <![CDATA[public void Template.ShipDetail.Create_Deck_Plans_CabinCategories_Inside_CabinCategory_Folder(java.util.Hashtable) throws java.lang.InterruptedException,java.io.IOException]]>
              </value>
            </param>
          </params>
          <reporter-output>
          </reporter-output>
        </test-method> <!-- beforeMethod -->
        <test-method status="PASS" signature="Create_Deck_Plans_CabinCategories_Inside_CabinCategory_Folder(java.util.Hashtable)[pri:0, instance:[ShipDetail passed=0 failed=0 skipped=0]]" name="Create_Deck_Plans_CabinCategories_Inside_CabinCategory_Folder" duration-ms="70027" started-at="2018-09-24T10:32:19Z" data-provider="readTestData" depends-on-methods="Template.ShipDetail.Create_Deck_Plans_CabinCategories_Folder" finished-at="2018-09-24T10:33:29Z">
          <params>
            <param index="0">
              <value>
                <![CDATA[{CabinCatName=Prestige Cabin, Content= | |Prestige Cabin| | |Prestige Cabin description here.|Deluxe suite copy.  Deluxe suite copy.  Deluxe suite copy.  Deluxe suite copy.  Deluxe suite copy.| |, Runmode=Y, RightClickInsert=Ship Cabin Category, Browser=Chrome}]]>
              </value>
            </param>
          </params>
          <reporter-output>
          </reporter-output>
        </test-method> <!-- Create_Deck_Plans_CabinCategories_Inside_CabinCategory_Folder -->
        <test-method status="PASS" signature="afterMethod(org.testng.ITestResult)[pri:0, instance:[ShipDetail passed=0 failed=0 skipped=0]]" name="afterMethod" is-config="true" duration-ms="37" started-at="2018-09-24T10:33:29Z" finished-at="2018-09-24T10:33:29Z">
          <params>
            <param index="0">
              <value>
                <![CDATA[[TestResult name=Create_Deck_Plans_CabinCategories_Inside_CabinCategory_Folder on [ShipDetail passed=0 failed=0 skipped=0] status=SUCCESS method=ShipDetail.Create_Deck_Plans_CabinCategories_Inside_CabinCategory_Folder(java.util.Hashtable)[pri:0, instance:[ShipDetail passed=0 failed=0 skipped=0]] output={null}]]]>
              </value>
            </param>
          </params>
          <reporter-output>
          </reporter-output>
        </test-method> <!-- afterMethod -->
        <test-method status="PASS" signature="beforeMethod(java.lang.reflect.Method)[pri:0, instance:[ShipDetail passed=0 failed=0 skipped=0]]" name="beforeMethod" is-config="true" duration-ms="20" started-at="2018-09-24T10:33:29Z" finished-at="2018-09-24T10:33:29Z">
          <params>
            <param index="0">
              <value>
                <![CDATA[public void Template.ShipDetail.Create_Deck_Plans_CabinCategories_Inside_CabinCategory_Folder(java.util.Hashtable) throws java.lang.InterruptedException,java.io.IOException]]>
              </value>
            </param>
          </params>
          <reporter-output>
          </reporter-output>
        </test-method> <!-- beforeMethod -->
        <test-method status="PASS" signature="Create_Deck_Plans_CabinCategories_Inside_CabinCategory_Folder(java.util.Hashtable)[pri:0, instance:[ShipDetail passed=0 failed=0 skipped=0]]" name="Create_Deck_Plans_CabinCategories_Inside_CabinCategory_Folder" duration-ms="34677" started-at="2018-09-24T10:33:29Z" data-provider="readTestData" depends-on-methods="Template.ShipDetail.Create_Deck_Plans_CabinCategories_Folder" finished-at="2018-09-24T10:34:04Z">
          <params>
            <param index="0">
              <value>
                <![CDATA[{CabinCatName=Prestige Suite, Content= | |Prestige Suite| | |Prestige Suite description here.|Deluxe suite copy.  Deluxe suite copy.  Deluxe suite copy.  Deluxe suite copy.  Deluxe suite copy.| |, Runmode=Y, RightClickInsert=Ship Cabin Category, Browser=Chrome}]]>
              </value>
            </param>
          </params>
          <reporter-output>
          </reporter-output>
        </test-method> <!-- Create_Deck_Plans_CabinCategories_Inside_CabinCategory_Folder -->
        <test-method status="PASS" signature="afterMethod(org.testng.ITestResult)[pri:0, instance:[ShipDetail passed=0 failed=0 skipped=0]]" name="afterMethod" is-config="true" duration-ms="46" started-at="2018-09-24T10:34:04Z" finished-at="2018-09-24T10:34:04Z">
          <params>
            <param index="0">
              <value>
                <![CDATA[[TestResult name=Create_Deck_Plans_CabinCategories_Inside_CabinCategory_Folder on [ShipDetail passed=0 failed=0 skipped=0] status=SUCCESS method=ShipDetail.Create_Deck_Plans_CabinCategories_Inside_CabinCategory_Folder(java.util.Hashtable)[pri:0, instance:[ShipDetail passed=0 failed=0 skipped=0]] output={null}]]]>
              </value>
            </param>
          </params>
          <reporter-output>
          </reporter-output>
        </test-method> <!-- afterMethod -->
        <test-method status="PASS" signature="beforeMethod(java.lang.reflect.Method)[pri:0, instance:[ShipDetail passed=0 failed=0 skipped=0]]" name="beforeMethod" is-config="true" duration-ms="23" started-at="2018-09-24T10:34:04Z" finished-at="2018-09-24T10:34:04Z">
          <params>
            <param index="0">
              <value>
                <![CDATA[public void Template.ShipDetail.Create_Deck_Plans_CabinCategories_Inside_CabinCategory_Folder(java.util.Hashtable) throws java.lang.InterruptedException,java.io.IOException]]>
              </value>
            </param>
          </params>
          <reporter-output>
          </reporter-output>
        </test-method> <!-- beforeMethod -->
        <test-method status="PASS" signature="Create_Deck_Plans_CabinCategories_Inside_CabinCategory_Folder(java.util.Hashtable)[pri:0, instance:[ShipDetail passed=0 failed=0 skipped=0]]" name="Create_Deck_Plans_CabinCategories_Inside_CabinCategory_Folder" duration-ms="32589" started-at="2018-09-24T10:34:04Z" data-provider="readTestData" depends-on-methods="Template.ShipDetail.Create_Deck_Plans_CabinCategories_Folder" finished-at="2018-09-24T10:34:36Z">
          <params>
            <param index="0">
              <value>
                <![CDATA[{CabinCatName=Superior Cabin, Content= | |Superior Cabin| | |Superior Cabin description here.|Deluxe suite copy.  Deluxe suite copy.  Deluxe suite copy.  Deluxe suite copy.  Deluxe suite copy.| |, Runmode=Y, RightClickInsert=Ship Cabin Category, Browser=Chrome}]]>
              </value>
            </param>
          </params>
          <reporter-output>
          </reporter-output>
        </test-method> <!-- Create_Deck_Plans_CabinCategories_Inside_CabinCategory_Folder -->
        <test-method status="PASS" signature="afterMethod(org.testng.ITestResult)[pri:0, instance:[ShipDetail passed=0 failed=0 skipped=0]]" name="afterMethod" is-config="true" duration-ms="44" started-at="2018-09-24T10:34:36Z" finished-at="2018-09-24T10:34:36Z">
          <params>
            <param index="0">
              <value>
                <![CDATA[[TestResult name=Create_Deck_Plans_CabinCategories_Inside_CabinCategory_Folder on [ShipDetail passed=0 failed=0 skipped=0] status=SUCCESS method=ShipDetail.Create_Deck_Plans_CabinCategories_Inside_CabinCategory_Folder(java.util.Hashtable)[pri:0, instance:[ShipDetail passed=0 failed=0 skipped=0]] output={null}]]]>
              </value>
            </param>
          </params>
          <reporter-output>
          </reporter-output>
        </test-method> <!-- afterMethod -->
      </class> <!-- Template.ShipDetail -->
    </test> <!-- Surefire test -->
  </suite> <!-- Surefire suite -->
</testng-results>
